\BOOKMARK [0][-]{chapter.1}{\376\377\000W\000s\000t\001\031\000p}{}% 1
\BOOKMARK [1][-]{section.1.1}{\376\377\000W\000p\000r\000o\000w\000a\000d\000z\000e\000n\000i\000e}{chapter.1}% 2
\BOOKMARK [1][-]{section.1.2}{\376\377\000C\000e\000l\000\040\000p\000r\000o\000j\000e\000k\000t\000u}{chapter.1}% 3
\BOOKMARK [1][-]{section.1.3}{\376\377\000Z\000a\000k\000r\000e\000s\000\040\000p\000r\000o\000j\000e\000k\000t\000u}{chapter.1}% 4
\BOOKMARK [0][-]{chapter.2}{\376\377\000Z\000a\001\102\000o\001\174\000e\000n\000i\000a\000\040\000p\000r\000o\000j\000e\000k\000t\000o\000w\000e}{}% 5
\BOOKMARK [1][-]{section.2.1}{\376\377\000O\000p\000i\000s\000\040\000z\000a\001\102\000o\001\174\000e\001\104\000\040\000f\000u\000n\000k\000c\000j\000o\000n\000a\000l\000n\000y\000c\000h}{chapter.2}% 6
\BOOKMARK [1][-]{section.2.2}{\376\377\000O\000p\000i\000s\000\040\000z\000a\001\102\000o\001\174\000e\001\104\000\040\000k\000o\000n\000s\000t\000r\000u\000k\000c\000y\000j\000n\000y\000c\000h}{chapter.2}% 7
\BOOKMARK [0][-]{chapter.3}{\376\377\000C\000h\000a\000r\000a\000k\000t\000e\000r\000y\000s\000t\000y\000k\000a\000\040\000w\000y\000k\000o\000r\000z\000y\000s\000t\000a\000n\000y\000c\000h\000\040\000k\000o\000m\000p\000o\000n\000e\000n\000t\000\363\000w\000\040\000s\000p\000r\000z\001\031\000t\000o\000w\000y\000c\000h}{}% 8
\BOOKMARK [1][-]{section.3.1}{\376\377\000M\000i\000k\000r\000o\000k\000o\000n\000t\000r\000o\000l\000e\000r\000\040\000A\000r\000d\000u\000i\000n\000o\000\040\000U\000n\000o}{chapter.3}% 9
\BOOKMARK [1][-]{section.3.2}{\376\377\000C\000z\000u\000j\000n\000i\000k\000\040\000t\000e\000m\000p\000e\000r\000a\000t\000u\000r\000y\000\040\000M\000L\000X\0009\0000\0006\0001\0004}{chapter.3}% 10
\BOOKMARK [1][-]{section.3.3}{\376\377\0004\000-\000p\000r\000z\000y\000c\000i\000s\000k\000o\000w\000a\000\040\000k\000l\000a\000w\000i\000a\000t\000u\000r\000a}{chapter.3}% 11
\BOOKMARK [1][-]{section.3.4}{\376\377\000W\000y\001\133\000w\000i\000e\000t\000l\000a\000c\000z\000\040\000z\000\040\000k\000o\000n\000w\000e\000r\000t\000e\000r\000e\000m\000\040\000I\0002\000C\000\040\000H\000D\0004\0004\0007\0008\0000}{chapter.3}% 12
\BOOKMARK [0][-]{chapter.4}{\376\377\000A\000n\000a\000l\000i\000z\000a\000\040\000s\000t\000r\000u\000k\000t\000u\000r\000y\000\040\000z\000a\000s\000t\000o\000s\000o\000w\000a\000n\000e\000g\000o\000\040\000o\000p\000r\000o\000g\000r\000a\000m\000o\000w\000a\000n\000i\000a}{}% 13
\BOOKMARK [1][-]{section.4.1}{\376\377\000P\000o\001\102\001\005\000c\000z\000e\000n\000i\000e\000\040\000z\000\040\000c\000z\000u\000j\000n\000i\000k\000i\000e\000m\000\040\000t\000e\000m\000p\000e\000r\000a\000t\000u\000r\000y\000\040\000M\000L\000X\0009\0000\0006\0001\0004}{chapter.4}% 14
\BOOKMARK [1][-]{section.4.2}{\376\377\000P\000o\001\102\001\005\000c\000z\000e\000n\000i\000e\000\040\000z\000\040\000w\000y\001\133\000w\000i\000e\000t\000l\000a\000c\000z\000e\000m\000\040\000L\000C\000D\000\040\000H\000D\0004\0004\0007\0008\0000}{chapter.4}% 15
\BOOKMARK [1][-]{section.4.3}{\376\377\000S\000y\000n\000c\000h\000r\000o\000n\000i\000c\000z\000n\000a\000\040\000w\000s\000p\000\363\001\102\000p\000r\000a\000c\000a\000\040\000L\000C\000D\000\040\000i\000\040\000c\000z\000u\000j\000n\000i\000k\000a\000\040\000t\000e\000m\000p\000e\000r\000a\000t\000u\000r\000y\000\040\000z\000\040\000w\000y\000k\000o\000r\000z\000y\000s\000t\000a\000n\000i\000e\000m\000\040\000m\000i\000k\000r\000o\000k\000o\000n\000t\000r\000o\000l\000e\000r\000a\000\040\000A\000r\000d\000u\000i\000n\000o}{chapter.4}% 16
\BOOKMARK [0][-]{chapter.5}{\376\377\000U\000r\000u\000c\000h\000o\000m\000i\000e\000n\000i\000e\000\040\000p\000r\000o\000j\000e\000k\000t\000u\000\040\000i\000\040\000s\000k\000a\000l\000i\000b\000r\000o\000w\000a\000n\000i\000e\000\040\000u\000r\000z\001\005\000d\000z\000e\000n\000i\000a}{}% 17
\BOOKMARK [0][-]{chapter.6}{\376\377\000W\000y\000k\000o\000n\000a\000n\000i\000e\000\040\000t\000e\000s\000t\000\363\000w\000\040\000i\000\040\000d\000o\000k\000o\000n\000a\000n\000i\000e\000\040\000o\000d\000p\000o\000w\000i\000e\000d\000n\000i\000c\000h\000\040\000p\000o\000m\000i\000a\000r\000\363\000w}{}% 18
\BOOKMARK [0][-]{chapter.7}{\376\377\000I\000n\000s\000t\000r\000u\000k\000c\000j\000a\000\040\000u\001\174\000y\000t\000k\000o\000w\000a\000n\000i\000a}{}% 19
\BOOKMARK [0][-]{chapter.8}{\376\377\000P\000o\000d\000s\000u\000m\000o\000w\000a\000n\000i\000e\000\040\000i\000\040\000W\000n\000i\000o\000s\000k\000i}{}% 20
\BOOKMARK [0][-]{section*.2}{\376\377\000B\000i\000b\000l\000i\000o\000g\000r\000a\000f\000i\000a}{}% 21
